<?xml version="1.0" encoding="UTF-8"?>
<testsuite xmlns:xsi="http://www.w3.org/2001/XMLSchema-instance" xsi:noNamespaceSchemaLocation="https://maven.apache.org/surefire/maven-surefire-plugin/xsd/surefire-test-report.xsd" name="UnitTests" time="0.011" tests="2" errors="0" skipped="0" failures="0">
  <properties>
[...]
</properties>
  <testcase name="whenInitiatorSendsMessageToPlayer_thenPlayer2SendsBackMessageWithCounter" classname="UnitTests" time="0.006"/>
  <testcase name="sendMessageToPlayer2" classname="UnitTests" time="0.005"/>
</testsuite>